#separator \x09
#set_separator	,
#empty_field	(empty)
#unset_field	-
#path	mqtt_publish
#open	2026-07-01-17-51-54
#fields	ts	uid	id.orig_h	id.orig_p	id.resp_h	id.resp_p	from_client	retain	qos	status	topic	payload	payload_len
#types	time	string	addr	port	addr	port	bool	bool	string	string	string	string	count
1782942700.089462	CPwDED4aFMrGG0ndNb	::1	43356	::1	1883	T	F	at most once	ok	test/topic	reading_1	9
1782942700.091040	C5e9Zq15PJN4DvXbx7	::1	43372	::1	1883	T	F	at most once	ok	test/topic	reading_2	9
1782942700.092625	CuZsPK3dUDDxvhhbE	::1	43382	::1	1883	T	F	at most once	ok	test/topic	reading_3	9
1782942700.094245	CMbSm110tHHfFr4IT2	::1	43394	::1	1883	T	F	at most once	ok	test/topic	reading_4	9
1782942700.095786	CSz9i4ZHv3FpMjctd	::1	43404	::1	1883	T	F	at most once	ok	test/topic	reading_5	9
1782942700.097349	CraRTk3T0wX2W4coTb	::1	43420	::1	1883	T	F	at most once	ok	test/topic	reading_6	9
1782942700.098983	CKJLEw2DD190vhYaxd	::1	43430	::1	1883	T	F	at most once	ok	test/topic	reading_7	9
1782942700.100613	CrFHlM4LLCIvODQug	::1	43442	::1	1883	T	F	at most once	ok	test/topic	reading_8	9
1782942700.102272	CSox861goI1nDL7Y6	::1	43452	::1	1883	T	F	at most once	ok	test/topic	reading_9	9
1782942700.104001	Cd5LUI32qqmEfXdOU6	::1	43468	::1	1883	T	F	at most once	ok	test/topic	reading_10	10
1782942700.105714	CTE7Uu1vHv5A0jj7Wg	::1	43484	::1	1883	T	F	at most once	ok	test/topic	reading_11	10
1782942700.107496	Cz7vB51StQ98dbDDu5	::1	43500	::1	1883	T	F	at most once	ok	test/topic	reading_12	10
1782942700.109320	CDBPOSgbykAKa6rzi	::1	43510	::1	1883	T	F	at most once	ok	test/topic	reading_13	10
1782942700.111180	C7m3Nh4ukznXNQGODj	::1	43526	::1	1883	T	F	at most once	ok	test/topic	reading_14	10
1782942700.113066	CZcFwy4nqa4Qiw1Psf	::1	43534	::1	1883	T	F	at most once	ok	test/topic	reading_15	10
1782942700.115098	Cd3XyZ3ldMhNixcyR1	::1	43546	::1	1883	T	F	at most once	ok	test/topic	reading_16	10
1782942700.117066	C7NGr22UxbH7EeyzR8	::1	43558	::1	1883	T	F	at most once	ok	test/topic	reading_17	10
1782942700.119232	CkKR5lgOIel8hgMc	::1	43564	::1	1883	T	F	at most once	ok	test/topic	reading_18	10
1782942700.121350	Cjp7qv1r2htroR4dX4	::1	43580	::1	1883	T	F	at most once	ok	test/topic	reading_19	10
1782942700.123523	CYqeHv4SMOy3Fmn9P2	::1	43582	::1	1883	T	F	at most once	ok	test/topic	reading_20	10
1782942700.125762	C7txTc33su4VIvJdg	::1	43586	::1	1883	T	F	at most once	ok	test/topic	reading_21	10
1782942700.127904	CFNlEu4t4ONlCv95xg	::1	43598	::1	1883	T	F	at most once	ok	test/topic	reading_22	10
1782942700.130106	C6Zgi31N0BfNknPV46	::1	43614	::1	1883	T	F	at most once	ok	test/topic	reading_23	10
1782942700.132247	CLFf12tNdi67HqYg3	::1	43616	::1	1883	T	F	at most once	ok	test/topic	reading_24	10
1782942700.134485	CzhOPHWJlb8Qc9b1a	::1	43630	::1	1883	T	F	at most once	ok	test/topic	reading_25	10
1782942700.136612	CUL2d21cxzkEgTrah9	::1	43642	::1	1883	T	F	at most once	ok	test/topic	reading_26	10
1782942700.138947	CqRvYF2yhfXJnoXct	::1	43650	::1	1883	T	F	at most once	ok	test/topic	reading_27	10
1782942700.141324	CK1vGy16dub5bbjGzk	::1	43662	::1	1883	T	F	at most once	ok	test/topic	reading_28	10
1782942700.143916	CZom6YT6jrDpEDug7	::1	43678	::1	1883	T	F	at most once	ok	test/topic	reading_29	10
1782942700.146569	CLVJTI2qupSKON14qk	::1	43692	::1	1883	T	F	at most once	ok	test/topic	reading_30	10
1782942700.149163	CVkGel4K9cOsk5coLl	::1	43696	::1	1883	T	F	at most once	ok	test/topic	reading_31	10
1782942700.151815	CY4SC6Oj7jlDbRwXl	::1	43708	::1	1883	T	F	at most once	ok	test/topic	reading_32	10
1782942700.154454	CZLpPd1pCoA2RVmfGe	::1	43720	::1	1883	T	F	at most once	ok	test/topic	reading_33	10
1782942700.157030	CpZm663bwRK0wtF6Nd	::1	43736	::1	1883	T	F	at most once	ok	test/topic	reading_34	10
1782942700.159688	ChJtMo1oa8gXs8alQb	::1	43738	::1	1883	T	F	at most once	ok	test/topic	reading_35	10
1782942700.162403	CENqHV226YQ5QyxkE1	::1	43740	::1	1883	T	F	at most once	ok	test/topic	reading_36	10
1782942700.165062	CFwDH13H3bRAeohlK3	::1	43750	::1	1883	T	F	at most once	ok	test/topic	reading_37	10
1782942700.167723	CqQwDQrub8NcLwB72	::1	43760	::1	1883	T	F	at most once	ok	test/topic	reading_38	10
1782942700.170402	C9ctxpXzmoaOKZGY2	::1	43772	::1	1883	T	F	at most once	ok	test/topic	reading_39	10
1782942700.173014	Cpv9So1Wph0lqvIla	::1	43784	::1	1883	T	F	at most once	ok	test/topic	reading_40	10
1782942700.175773	CvqzxwnedbkAD2IGc	::1	43792	::1	1883	T	F	at most once	ok	test/topic	reading_41	10
1782942700.178655	CFk3CA3j8mKUJ5Ixlb	::1	43806	::1	1883	T	F	at most once	ok	test/topic	reading_42	10
1782942700.181663	CYHCky3nyUc0dZ3Dza	::1	43814	::1	1883	T	F	at most once	ok	test/topic	reading_43	10
1782942700.185020	Cdox1V37d0R6z4AiBh	::1	43826	::1	1883	T	F	at most once	ok	test/topic	reading_44	10
1782942700.188495	CEdbGp1EURpQkjrE59	::1	43832	::1	1883	T	F	at most once	ok	test/topic	reading_45	10
1782942700.192054	C2oAUP1464X5rEkBr1	::1	43834	::1	1883	T	F	at most once	ok	test/topic	reading_46	10
1782942700.196146	CrlYdBGdwJjXrALZb	::1	43842	::1	1883	T	F	at most once	ok	test/topic	reading_47	10
1782942700.200347	CRVtCF4SvhGD6GR576	::1	43844	::1	1883	T	F	at most once	ok	test/topic	reading_48	10
1782942700.204886	CNoq0lR5TI040HB73	::1	43850	::1	1883	T	F	at most once	ok	test/topic	reading_49	10
1782942700.210621	C2lrQS1AqOhvo7WeAa	::1	43860	::1	1883	T	F	at most once	ok	test/topic	reading_50	10
#close	2026-07-01-17-51-54
